<?xml version="1.0" encoding="UTF-8"?>
<testng-results ignored="0" total="1" passed="1" failed="0" skipped="0">
  <reporter-output>
  </reporter-output>
  <suite started-at="2023-06-01T21:39:28 GMT-07:00" name="Default suite" finished-at="2023-06-01T21:39:34 GMT-07:00" duration-ms="5964">
    <groups>
    </groups>
    <test started-at="2023-06-01T21:39:28 GMT-07:00" name="Default test" finished-at="2023-06-01T21:39:34 GMT-07:00" duration-ms="5964">
      <class name="Selenium.LaunchChrome">
        <test-method signature="OpenBrowser()[pri:0, instance:Selenium.LaunchChrome@5fd4f8f5]" started-at="2023-06-01T21:39:29 GMT-07:00" name="OpenBrowser" finished-at="2023-06-01T21:39:34 GMT-07:00" duration-ms="5927" status="PASS">
          <reporter-output>
          </reporter-output>
        </test-method> <!-- OpenBrowser -->
      </class> <!-- Selenium.LaunchChrome -->
    </test> <!-- Default test -->
  </suite> <!-- Default suite -->
</testng-results>
