<?xml version="1.0" encoding="UTF-8"?>
<testng-results ignored="0" total="1" passed="1" failed="0" skipped="0">
  <reporter-output>
    <line>
      <![CDATA[TestCreateCustomer]]>
    </line>
  </reporter-output>
  <suite started-at="2023-06-07T19:29:06 IST" name="Suite" finished-at="2023-06-07T19:29:09 IST" duration-ms="2796">
    <groups>
    </groups>
    <test started-at="2023-06-07T19:29:06 IST" name="Test" finished-at="2023-06-07T19:29:09 IST" duration-ms="2796">
      <class name="com.actitime.testscript.CreateCustomer">
        <test-method signature="TestCreateCustomer()[pri:0, instance:com.actitime.testscript.CreateCustomer@6af93788]" started-at="2023-06-07T19:29:06 IST" name="TestCreateCustomer" finished-at="2023-06-07T19:29:09 IST" duration-ms="2755" status="PASS">
          <reporter-output>
            <line>
              <![CDATA[TestCreateCustomer]]>
            </line>
          </reporter-output>
        </test-method> <!-- TestCreateCustomer -->
      </class> <!-- com.actitime.testscript.CreateCustomer -->
    </test> <!-- Test -->
  </suite> <!-- Suite -->
</testng-results>
